<?xml version="1.0" encoding="UTF-8"?>
<!-- Generated by org.testng.reporters.JUnitReportReporter -->
<testsuite skipped="0" hostname="LAPTOP-B4PLOJLE" name="com.mytest.LoginPageTest" tests="1" failures="0" timestamp="07 Jul 2020 22:46:14 GMT" time="15.721" errors="0">
  <testcase name="getGoogleTitleTest" time="15.721" classname="com.mytest.LoginPageTest"/>
</testsuite> <!-- com.mytest.LoginPageTest -->
